<?xml version="1.0" encoding="UTF-8"?>
<!-- Generated by org.testng.reporters.JUnitXMLReporter -->
<testsuite ignored="0" hostname="DESKTOP-8022TD4" failures="0" tests="4" name="Test" time="0.019" errors="0" timestamp="18 Feb 2020 02:42:36 GMT">
  <testcase classname="cloaktesting.SeleniumTest" name="browserAutomation" time="0.004"/>
  <testcase classname="cloaktesting.SeleniumTest" name="elementsUI" time="0.001"/>
  <testcase classname="cloaktesting.APITest" name="deleteTwitter" time="0.0"/>
  <testcase classname="cloaktesting.APITest" name="posJira" time="0.001"/>
</testsuite> <!-- Test -->
